[2m2023-10-06T07:18:32.857727Z[0m [32m INFO[0m [2mnoise_sv2[0m[2m:[0m -> suggested algorithms received [ChaChaPoly, AesGcm]
[2m2023-10-06T07:18:32.859482Z[0m [32m INFO[0m [2mjd_server::lib::job_declarator[0m[2m:[0m Setup connection message from proxy: Sv2(Sv2Frame { header: Header { extension_type: 0, msg_type: 0, msg_length: U24(25) }, payload: None, serialized: Some([0, 0, 0, 25, 0, 0, 1, 2, 0, 2, 0, 1, 0, 0, 0, 9, 49, 50, 55, 46, 48, 46, 48, 46, 49, 217, 133, 0, 0, 0, 0]) })
[2m2023-10-06T07:18:32.859508Z[0m [32m INFO[0m [2mjd_server::lib::job_declarator[0m[2m:[0m Sending success message for proxy
Allocate mining job token message sent to Proxy
Sending AllocateMiningJobTokenSuccess to proxy AllocateMiningJobTokenSuccess(AllocateMiningJobTokenSuccess { request_id: 0, mining_job_token: Owned([1, 0, 0, 0]), coinbase_output_max_additional_size: 100, coinbase_output: Owned([0, 0, 0, 0, 0, 0, 0, 0, 25, 118, 169, 20, 85, 162, 233, 20, 174, 185, 114, 155, 76, 210, 101, 36, 140, 182, 122, 134, 94, 174, 149, 253, 136, 172]), async_mining_allowed: true })
Allocate mining job token message sent to Proxy
Sending AllocateMiningJobTokenSuccess to proxy AllocateMiningJobTokenSuccess(AllocateMiningJobTokenSuccess { request_id: 1, mining_job_token: Owned([2, 0, 0, 0]), coinbase_output_max_additional_size: 100, coinbase_output: Owned([0, 0, 0, 0, 0, 0, 0, 0, 25, 118, 169, 20, 85, 162, 233, 20, 174, 185, 114, 155, 76, 210, 101, 36, 140, 182, 122, 134, 94, 174, 149, 253, 136, 172]), async_mining_allowed: true })
[2m2023-10-06T07:18:33.104550Z[0m [32m INFO[0m [2mjd_server::lib::job_declarator[0m[2m:[0m signature is: ed25519::Signature(9B4CE0008009F098C974D1FB658C9C63124CE48EC336DF8E538DD413556B95067F4E58FD09D76C6539A3B0D7759D40AEB20D7AA70B850C62030CE28AC7CDFB0B)
Allocate mining job token message sent to Proxy
Sending AllocateMiningJobTokenSuccess to proxy AllocateMiningJobTokenSuccess(AllocateMiningJobTokenSuccess { request_id: 0, mining_job_token: Owned([3, 0, 0, 0]), coinbase_output_max_additional_size: 100, coinbase_output: Owned([0, 0, 0, 0, 0, 0, 0, 0, 25, 118, 169, 20, 85, 162, 233, 20, 174, 185, 114, 155, 76, 210, 101, 36, 140, 182, 122, 134, 94, 174, 149, 253, 136, 172]), async_mining_allowed: true })
[2m2023-10-06T07:18:42.348534Z[0m [32m INFO[0m [2mjd_server::lib::job_declarator[0m[2m:[0m signature is: ed25519::Signature(9B4CE0008009F098C974D1FB658C9C63124CE48EC336DF8E538DD413556B95067F4E58FD09D76C6539A3B0D7759D40AEB20D7AA70B850C62030CE28AC7CDFB0B)
Allocate mining job token message sent to Proxy
Sending AllocateMiningJobTokenSuccess to proxy AllocateMiningJobTokenSuccess(AllocateMiningJobTokenSuccess { request_id: 0, mining_job_token: Owned([4, 0, 0, 0]), coinbase_output_max_additional_size: 100, coinbase_output: Owned([0, 0, 0, 0, 0, 0, 0, 0, 25, 118, 169, 20, 85, 162, 233, 20, 174, 185, 114, 155, 76, 210, 101, 36, 140, 182, 122, 134, 94, 174, 149, 253, 136, 172]), async_mining_allowed: true })
[2m2023-10-06T07:18:44.038978Z[0m [31mERROR[0m [2mnetwork_helpers::noise_connection_tokio[0m[2m:[0m Disconnected from client while reading : early eof - 127.0.0.1:55642
[2m2023-10-06T07:18:44.039067Z[0m [31mERROR[0m [2mjd_server[0m[2m:[0m SHUTDOWN from Downstream: Channel recv failed: `RecvError`
Try to restart the downstream listener
[2m2023-10-06T07:18:54.044127Z[0m [32m INFO[0m [2mnoise_sv2[0m[2m:[0m -> suggested algorithms received [ChaChaPoly, AesGcm]
[2m2023-10-06T07:18:54.046101Z[0m [32m INFO[0m [2mjd_server::lib::job_declarator[0m[2m:[0m Setup connection message from proxy: Sv2(Sv2Frame { header: Header { extension_type: 0, msg_type: 0, msg_length: U24(25) }, payload: None, serialized: Some([0, 0, 0, 25, 0, 0, 1, 2, 0, 2, 0, 1, 0, 0, 0, 9, 49, 50, 55, 46, 48, 46, 48, 46, 49, 217, 133, 0, 0, 0, 0]) })
[2m2023-10-06T07:18:54.046129Z[0m [32m INFO[0m [2mjd_server::lib::job_declarator[0m[2m:[0m Sending success message for proxy
Allocate mining job token message sent to Proxy
Sending AllocateMiningJobTokenSuccess to proxy AllocateMiningJobTokenSuccess(AllocateMiningJobTokenSuccess { request_id: 0, mining_job_token: Owned([1, 0, 0, 0]), coinbase_output_max_additional_size: 100, coinbase_output: Owned([0, 0, 0, 0, 0, 0, 0, 0, 25, 118, 169, 20, 85, 162, 233, 20, 174, 185, 114, 155, 76, 210, 101, 36, 140, 182, 122, 134, 94, 174, 149, 253, 136, 172]), async_mining_allowed: true })
Allocate mining job token message sent to Proxy
Sending AllocateMiningJobTokenSuccess to proxy AllocateMiningJobTokenSuccess(AllocateMiningJobTokenSuccess { request_id: 1, mining_job_token: Owned([2, 0, 0, 0]), coinbase_output_max_additional_size: 100, coinbase_output: Owned([0, 0, 0, 0, 0, 0, 0, 0, 25, 118, 169, 20, 85, 162, 233, 20, 174, 185, 114, 155, 76, 210, 101, 36, 140, 182, 122, 134, 94, 174, 149, 253, 136, 172]), async_mining_allowed: true })
[2m2023-10-06T07:18:54.072980Z[0m [32m INFO[0m [2mjd_server[0m[2m:[0m Interrupt received
